<?xml version="1.0" encoding="UTF-8"?>
<!-- Generated by org.testng.reporters.JUnitReportReporter -->
<testsuite hostname="elzevir-N56VB" failures="0" tests="1" name="com.registro.RegistroTest" time="0.000" errors="0" timestamp="2022-08-24T11:56:33 ART" skipped="1">
  <testcase classname="com.registro.RegistroTest" name="f" time="0.000">
    <skipped/>
  </testcase> <!-- f -->
  <system-out/>
</testsuite> <!-- com.registro.RegistroTest -->
