<?xml version="1.0" encoding="UTF-8"?>
<!-- Generated by org.testng.reporters.JUnitReportReporter -->
<testsuite hostname="elzevir-N56VB" failures="0" tests="6" name="com.registro.RegistroTest" time="99.629" errors="0" timestamp="2022-05-21T18:37:21 ART" skipped="0">
  <testcase classname="com.registro.RegistroTest" name="f" time="25.972"/>
  <system-out/>
  <testcase classname="com.registro.RegistroTest" name="f" time="11.407"/>
  <system-out/>
  <testcase classname="com.registro.RegistroTest" name="f" time="11.650"/>
  <system-out/>
  <testcase classname="com.registro.RegistroTest" name="f" time="10.849"/>
  <system-out/>
  <testcase classname="com.registro.RegistroTest" name="f" time="18.670"/>
  <system-out/>
  <testcase classname="com.registro.RegistroTest" name="f" time="21.081"/>
  <system-out/>
</testsuite> <!-- com.registro.RegistroTest -->
