<?xml version="1.0" encoding="UTF-8"?>
<!-- Generated by org.testng.reporters.JUnitReportReporter -->
<testsuite hostname="elzevir-N56VB" failures="0" tests="6" name="com.registro.RegistroTest" time="68.990" errors="0" timestamp="2022-05-24T23:57:06 ART" skipped="0">
  <testcase classname="com.registro.RegistroTest" name="f" time="18.363"/>
  <system-out/>
  <testcase classname="com.registro.RegistroTest" name="f" time="9.872"/>
  <system-out/>
  <testcase classname="com.registro.RegistroTest" name="f" time="10.366"/>
  <system-out/>
  <testcase classname="com.registro.RegistroTest" name="f" time="10.034"/>
  <system-out/>
  <testcase classname="com.registro.RegistroTest" name="f" time="10.430"/>
  <system-out/>
  <testcase classname="com.registro.RegistroTest" name="f" time="9.925"/>
  <system-out/>
</testsuite> <!-- com.registro.RegistroTest -->
