<?xml version="1.0" encoding="UTF-8"?>
<!-- Generated by org.testng.reporters.JUnitReportReporter -->
<testsuite hostname="elzevir-N56VB" failures="0" tests="6" name="com.registro.RegistroTest" time="70.952" errors="0" timestamp="2022-05-10T21:52:55 ART" skipped="0">
  <testcase classname="com.registro.RegistroTest" name="f" time="9.789"/>
  <system-out/>
  <testcase classname="com.registro.RegistroTest" name="f" time="11.192"/>
  <system-out/>
  <testcase classname="com.registro.RegistroTest" name="f" time="15.480"/>
  <system-out/>
  <testcase classname="com.registro.RegistroTest" name="f" time="10.130"/>
  <system-out/>
  <testcase classname="com.registro.RegistroTest" name="f" time="14.892"/>
  <system-out/>
  <testcase classname="com.registro.RegistroTest" name="f" time="9.469"/>
  <system-out/>
</testsuite> <!-- com.registro.RegistroTest -->
